<?xml version="1.0" encoding="UTF-8"?>
<!-- Generated by org.testng.reporters.JUnitReportReporter -->
<testsuite skipped="0" hostname="PALLA" name="com.herokuapp.theinternet.test.CheckBoxDropDown_Test" tests="1" failures="0" timestamp="2020-07-19T17:16:53 IST" time="12.272" errors="0">
  <testcase name="selectAllDropDowns" time="12.272" classname="com.herokuapp.theinternet.test.CheckBoxDropDown_Test"/>
  <system-out/>
</testsuite> <!-- com.herokuapp.theinternet.test.CheckBoxDropDown_Test -->
