<?xml version="1.0" encoding="UTF-8"?>
<!-- Generated by org.testng.reporters.JUnitReportReporter -->
<testsuite skipped="0" hostname="PALLA" name="com.herokuapp.theinternet.test.ActionsRelated_Test" tests="1" failures="0" timestamp="2020-07-19T18:57:32 IST" time="12.754" errors="0">
  <testcase name="dragAndDropTest" time="12.754" classname="com.herokuapp.theinternet.test.ActionsRelated_Test"/>
  <system-out/>
</testsuite> <!-- com.herokuapp.theinternet.test.ActionsRelated_Test -->
