<?xml version="1.0" encoding="UTF-8"?>
<!-- Generated by org.testng.reporters.JUnitReportReporter -->
<testsuite skipped="0" hostname="PALLA" name="com.herokuapp.theinternet.test.ButtonClicksUsingDiffrentOptions" tests="3" failures="0" timestamp="2020-07-19T17:52:57 IST" time="28.619" errors="0">
  <testcase name="clickByUsingKeys" time="10.876" classname="com.herokuapp.theinternet.test.ButtonClicksUsingDiffrentOptions"/>
  <system-out/>
  <testcase name="clickByUsingJSExe" time="9.055" classname="com.herokuapp.theinternet.test.ButtonClicksUsingDiffrentOptions"/>
  <system-out/>
  <testcase name="clickByUsingAct" time="8.688" classname="com.herokuapp.theinternet.test.ButtonClicksUsingDiffrentOptions"/>
  <system-out/>
</testsuite> <!-- com.herokuapp.theinternet.test.ButtonClicksUsingDiffrentOptions -->
